<?xml version="1.0" encoding="UTF-8"?>
<!-- Generated by org.testng.reporters.JUnitReportReporter -->
<testsuite hostname="SHASHI-PC" name="com.testcases.MultiBrowser" tests="5" failures="0" timestamp="5 Jul 2022 11:29:53 GMT" time="71.512" errors="0">
  <testcase name="ApplicationHomePage" time="44.069" classname="com.testcases.MultiBrowser"/>
  <testcase name="search" time="5.305" classname="com.testcases.MultiBrowser"/>
  <testcase name="bookOnline" time="4.930" classname="com.testcases.MultiBrowser"/>
  <testcase name="passengerDetails" time="14.510" classname="com.testcases.MultiBrowser"/>
  <testcase name="holidayTrip" time="2.698" classname="com.testcases.MultiBrowser"/>
</testsuite> <!-- com.testcases.MultiBrowser -->
