<?xml version="1.0" encoding="UTF-8"?>
<!-- Generated by org.testng.reporters.JUnitReportReporter -->
<testsuite hostname="Ponnuswamy" name="com.browsers.MultiBrowser" tests="1" failures="0" timestamp="4 Jul 2022 13:58:27 GMT" time="8.225" errors="0">
  <testcase name="ApplicationHomePage" time="8.225" classname="com.browsers.MultiBrowser"/>
</testsuite> <!-- com.browsers.MultiBrowser -->
